# JRE version: Java(TM) SE Runtime Environment (8.0_112-b15) (build 1.8.0_112-b15)
# Java VM: Java HotSpot(TM) 64-Bit Server VM (25.112-b15 mixed mode linux-amd64 compressed oops)
Heap:
 PSYoungGen      total 283136K, used 79679K [0x000000076ab00000, 0x000000077fd80000, 0x00000007c0000000)
  eden space 244736K, 29% used [0x000000076ab00000,0x000000076f1ad670,0x0000000779a00000)
  from space 38400K, 19% used [0x000000077bf00000,0x000000077c622688,0x000000077e480000)
  to   space 37888K, 0% used [0x0000000779a00000,0x0000000779a00000,0x000000077bf00000)
 ParOldGen       total 116736K, used 74174K [0x00000006c0000000, 0x00000006c7200000, 0x000000076ab00000)
  object space 116736K, 63% used [0x00000006c0000000,0x00000006c486fb80,0x00000006c7200000)
 Metaspace       used 81975K, capacity 89702K, committed 89816K, reserved 1126400K
  class space    used 10030K, capacity 12254K, committed 12288K, reserved 1048576K
GC Heap History (10 events):
Event: 9.134 GC heap before
{Heap before GC invocations=13 (full 2):
 PSYoungGen      total 209920K, used 15279K [0x000000076ab00000, 0x000000077d780000, 0x00000007c0000000)
  eden space 182784K, 0% used [0x000000076ab00000,0x000000076ab00000,0x0000000775d80000)
  from space 27136K, 56% used [0x0000000775d80000,0x0000000776c6bd90,0x0000000777800000)
  to   space 27136K, 0% used [0x000000077bd00000,0x000000077bd00000,0x000000077d780000)
 ParOldGen       total 59392K, used 25979K [0x00000006c0000000, 0x00000006c3a00000, 0x000000076ab00000)
  object space 59392K, 43% used [0x00000006c0000000,0x00000006c195edc8,0x00000006c3a00000)
 Metaspace       used 32782K, capacity 35342K, committed 35456K, reserved 1081344K
  class space    used 3652K, capacity 4383K, committed 4480K, reserved 1048576K
Event: 9.385 GC heap after
Heap after GC invocations=13 (full 2):
 PSYoungGen      total 209920K, used 0K [0x000000076ab00000, 0x000000077d780000, 0x00000007c0000000)
  eden space 182784K, 0% used [0x000000076ab00000,0x000000076ab00000,0x0000000775d80000)
  from space 27136K, 0% used [0x0000000775d80000,0x0000000775d80000,0x0000000777800000)
  to   space 27136K, 0% used [0x000000077bd00000,0x000000077bd00000,0x000000077d780000)
 ParOldGen       total 81920K, used 33529K [0x00000006c0000000, 0x00000006c5000000, 0x000000076ab00000)
  object space 81920K, 40% used [0x00000006c0000000,0x00000006c20be648,0x00000006c5000000)
 Metaspace       used 32782K, capacity 35342K, committed 35456K, reserved 1081344K
  class space    used 3652K, capacity 4383K, committed 4480K, reserved 1048576K
}
Event: 13.862 GC heap before
{Heap before GC invocations=14 (full 2):
 PSYoungGen      total 209920K, used 130096K [0x000000076ab00000, 0x000000077d780000, 0x00000007c0000000)
  eden space 182784K, 71% used [0x000000076ab00000,0x0000000772a0c0d8,0x0000000775d80000)
  from space 27136K, 0% used [0x0000000775d80000,0x0000000775d80000,0x0000000777800000)
  to   space 27136K, 0% used [0x000000077bd00000,0x000000077bd00000,0x000000077d780000)
 ParOldGen       total 81920K, used 33529K [0x00000006c0000000, 0x00000006c5000000, 0x000000076ab00000)
  object space 81920K, 40% used [0x00000006c0000000,0x00000006c20be648,0x00000006c5000000)
 Metaspace       used 54515K, capacity 58956K, committed 59096K, reserved 1099776K
  class space    used 6437K, capacity 7870K, committed 7936K, reserved 1048576K
Event: 13.895 GC heap after
Heap after GC invocations=14 (full 2):
 PSYoungGen      total 241152K, used 27133K [0x000000076ab00000, 0x000000077d780000, 0x00000007c0000000)
  eden space 214016K, 0% used [0x000000076ab00000,0x000000076ab00000,0x0000000777c00000)
  from space 27136K, 99% used [0x000000077bd00000,0x000000077d77f5d0,0x000000077d780000)
  to   space 32256K, 0% used [0x0000000779880000,0x0000000779880000,0x000000077b800000)
 ParOldGen       total 81920K, used 36466K [0x00000006c0000000, 0x00000006c5000000, 0x000000076ab00000)
  object space 81920K, 44% used [0x00000006c0000000,0x00000006c239cab8,0x00000006c5000000)
 Metaspace       used 54515K, capacity 58956K, committed 59096K, reserved 1099776K
  class space    used 6437K, capacity 7870K, committed 7936K, reserved 1048576K
}
Event: 13.895 GC heap before
{Heap before GC invocations=15 (full 3):
 PSYoungGen      total 241152K, used 27133K [0x000000076ab00000, 0x000000077d780000, 0x00000007c0000000)
  eden space 214016K, 0% used [0x000000076ab00000,0x000000076ab00000,0x0000000777c00000)
  from space 27136K, 99% used [0x000000077bd00000,0x000000077d77f5d0,0x000000077d780000)
  to   space 32256K, 0% used [0x0000000779880000,0x0000000779880000,0x000000077b800000)
 ParOldGen       total 81920K, used 36466K [0x00000006c0000000, 0x00000006c5000000, 0x000000076ab00000)
  object space 81920K, 44% used [0x00000006c0000000,0x00000006c239cab8,0x00000006c5000000)
 Metaspace       used 54515K, capacity 58956K, committed 59096K, reserved 1099776K
  class space    used 6437K, capacity 7870K, committed 7936K, reserved 1048576K
Event: 14.182 GC heap after
Heap after GC invocations=15 (full 3):
 PSYoungGen      total 241152K, used 0K [0x000000076ab00000, 0x000000077d780000, 0x00000007c0000000)
  eden space 214016K, 0% used [0x000000076ab00000,0x000000076ab00000,0x0000000777c00000)
  from space 27136K, 0% used [0x000000077bd00000,0x000000077bd00000,0x000000077d780000)
  to   space 32256K, 0% used [0x0000000779880000,0x0000000779880000,0x000000077b800000)
 ParOldGen       total 116736K, used 52527K [0x00000006c0000000, 0x00000006c7200000, 0x000000076ab00000)
  object space 116736K, 44% used [0x00000006c0000000,0x00000006c334be00,0x00000006c7200000)
 Metaspace       used 54515K, capacity 58956K, committed 59096K, reserved 1099776K
  class space    used 6437K, capacity 7870K, committed 7936K, reserved 1048576K
}
Event: 72.022 GC heap before
{Heap before GC invocations=16 (full 3):
 PSYoungGen      total 241152K, used 214016K [0x000000076ab00000, 0x000000077d780000, 0x00000007c0000000)
  eden space 214016K, 100% used [0x000000076ab00000,0x0000000777c00000,0x0000000777c00000)
  from space 27136K, 0% used [0x000000077bd00000,0x000000077bd00000,0x000000077d780000)
  to   space 32256K, 0% used [0x0000000779880000,0x0000000779880000,0x000000077b800000)
 ParOldGen       total 116736K, used 52527K [0x00000006c0000000, 0x00000006c7200000, 0x000000076ab00000)
  object space 116736K, 44% used [0x00000006c0000000,0x00000006c334be00,0x00000006c7200000)
 Metaspace       used 76256K, capacity 83590K, committed 83672K, reserved 1122304K
  class space    used 9426K, capacity 11490K, committed 11520K, reserved 1048576K
Event: 72.079 GC heap after
Heap after GC invocations=16 (full 3):
 PSYoungGen      total 275456K, used 32243K [0x000000076ab00000, 0x000000077e480000, 0x00000007c0000000)
  eden space 243200K, 0% used [0x000000076ab00000,0x000000076ab00000,0x0000000779880000)
  from space 32256K, 99% used [0x0000000779880000,0x000000077b7fcfe0,0x000000077b800000)
  to   space 38400K, 0% used [0x000000077bf00000,0x000000077bf00000,0x000000077e480000)
 ParOldGen       total 116736K, used 56056K [0x00000006c0000000, 0x00000006c7200000, 0x000000076ab00000)
  object space 116736K, 48% used [0x00000006c0000000,0x00000006c36be368,0x00000006c7200000)
 Metaspace       used 76256K, capacity 83590K, committed 83672K, reserved 1122304K
  class space    used 9426K, capacity 11490K, committed 11520K, reserved 1048576K
}
Event: 231.374 GC heap before
{Heap before GC invocations=17 (full 3):
 PSYoungGen      total 275456K, used 275443K [0x000000076ab00000, 0x000000077e480000, 0x00000007c0000000)
  eden space 243200K, 100% used [0x000000076ab00000,0x0000000779880000,0x0000000779880000)
  from space 32256K, 99% used [0x0000000779880000,0x000000077b7fcfe0,0x000000077b800000)
  to   space 38400K, 0% used [0x000000077bf00000,0x000000077bf00000,0x000000077e480000)
 ParOldGen       total 116736K, used 56056K [0x00000006c0000000, 0x00000006c7200000, 0x000000076ab00000)
  object space 116736K, 48% used [0x00000006c0000000,0x00000006c36be368,0x00000006c7200000)
 Metaspace       used 81648K, capacity 89464K, committed 89560K, reserved 1126400K
  class space    used 10020K, capacity 12218K, committed 12288K, reserved 1048576K
Event: 231.416 GC heap after
Heap after GC invocations=17 (full 3):
 PSYoungGen      total 283136K, used 7305K [0x000000076ab00000, 0x000000077fd80000, 0x00000007c0000000)
  eden space 244736K, 0% used [0x000000076ab00000,0x000000076ab00000,0x0000000779a00000)
  from space 38400K, 19% used [0x000000077bf00000,0x000000077c622688,0x000000077e480000)
  to   space 37888K, 0% used [0x0000000779a00000,0x0000000779a00000,0x000000077bf00000)
 ParOldGen       total 116736K, used 74174K [0x00000006c0000000, 0x00000006c7200000, 0x000000076ab00000)
  object space 116736K, 63% used [0x00000006c0000000,0x00000006c486fb80,0x00000006c7200000)
 Metaspace       used 81648K, capacity 89464K, committed 89560K, reserved 1126400K
  class space    used 10020K, capacity 12218K, committed 12288K, reserved 1048576K
}

