# JRE version: Java(TM) SE Runtime Environment (8.0_112-b15) (build 1.8.0_112-b15)
# Java VM: Java HotSpot(TM) 64-Bit Server VM (25.112-b15 mixed mode linux-amd64 compressed oops)
Heap:
 PSYoungGen      total 222720K, used 164317K [0x000000076ab00000, 0x000000077b880000, 0x00000007c0000000)
  eden space 206848K, 79% used [0x000000076ab00000,0x0000000774b77738,0x0000000777500000)
  from space 15872K, 0% used [0x000000077a600000,0x000000077a600000,0x000000077b580000)
  to   space 3072K, 0% used [0x000000077b580000,0x000000077b580000,0x000000077b880000)
 ParOldGen       total 131072K, used 51686K [0x00000006c0000000, 0x00000006c8000000, 0x000000076ab00000)
  object space 131072K, 39% used [0x00000006c0000000,0x00000006c3279818,0x00000006c8000000)
 Metaspace       used 71143K, capacity 77726K, committed 77912K, reserved 1116160K
  class space    used 8751K, capacity 10821K, committed 10880K, reserved 1048576K
GC Heap History (10 events):
Event: 4.438 GC heap before
{Heap before GC invocations=8 (full 1):
 PSYoungGen      total 143872K, used 10297K [0x000000076ab00000, 0x000000077c500000, 0x00000007c0000000)
  eden space 131072K, 0% used [0x000000076ab00000,0x000000076ab00000,0x0000000772b00000)
  from space 12800K, 80% used [0x0000000772b00000,0x000000077350e5a8,0x0000000773780000)
  to   space 13312K, 0% used [0x000000077b800000,0x000000077b800000,0x000000077c500000)
 ParOldGen       total 44032K, used 30251K [0x00000006c0000000, 0x00000006c2b00000, 0x000000076ab00000)
  object space 44032K, 68% used [0x00000006c0000000,0x00000006c1d8adb8,0x00000006c2b00000)
 Metaspace       used 19812K, capacity 21260K, committed 21296K, reserved 1069056K
  class space    used 1951K, capacity 2417K, committed 2432K, reserved 1048576K
Event: 4.647 GC heap after
Heap after GC invocations=8 (full 1):
 PSYoungGen      total 143872K, used 0K [0x000000076ab00000, 0x000000077c500000, 0x00000007c0000000)
  eden space 131072K, 0% used [0x000000076ab00000,0x000000076ab00000,0x0000000772b00000)
  from space 12800K, 0% used [0x0000000772b00000,0x0000000772b00000,0x0000000773780000)
  to   space 13312K, 0% used [0x000000077b800000,0x000000077b800000,0x000000077c500000)
 ParOldGen       total 75776K, used 37597K [0x00000006c0000000, 0x00000006c4a00000, 0x000000076ab00000)
  object space 75776K, 49% used [0x00000006c0000000,0x00000006c24b76a0,0x00000006c4a00000)
 Metaspace       used 19812K, capacity 21260K, committed 21296K, reserved 1069056K
  class space    used 1951K, capacity 2417K, committed 2432K, reserved 1048576K
}
Event: 6.685 GC heap before
{Heap before GC invocations=9 (full 1):
 PSYoungGen      total 143872K, used 48093K [0x000000076ab00000, 0x000000077c500000, 0x00000007c0000000)
  eden space 131072K, 36% used [0x000000076ab00000,0x000000076d9f74b0,0x0000000772b00000)
  from space 12800K, 0% used [0x0000000772b00000,0x0000000772b00000,0x0000000773780000)
  to   space 13312K, 0% used [0x000000077b800000,0x000000077b800000,0x000000077c500000)
 ParOldGen       total 75776K, used 37597K [0x00000006c0000000, 0x00000006c4a00000, 0x000000076ab00000)
  object space 75776K, 49% used [0x00000006c0000000,0x00000006c24b76a0,0x00000006c4a00000)
 Metaspace       used 32812K, capacity 35280K, committed 35456K, reserved 1081344K
  class space    used 3677K, capacity 4385K, committed 4480K, reserved 1048576K
Event: 6.706 GC heap after
Heap after GC invocations=9 (full 1):
 PSYoungGen      total 190976K, used 13287K [0x000000076ab00000, 0x000000077c500000, 0x00000007c0000000)
  eden space 177664K, 0% used [0x000000076ab00000,0x000000076ab00000,0x0000000775880000)
  from space 13312K, 99% used [0x000000077b800000,0x000000077c4f9c80,0x000000077c500000)
  to   space 15872K, 0% used [0x000000077a600000,0x000000077a600000,0x000000077b580000)
 ParOldGen       total 75776K, used 39489K [0x00000006c0000000, 0x00000006c4a00000, 0x000000076ab00000)
  object space 75776K, 52% used [0x00000006c0000000,0x00000006c2690400,0x00000006c4a00000)
 Metaspace       used 32812K, capacity 35280K, committed 35456K, reserved 1081344K
  class space    used 3677K, capacity 4385K, committed 4480K, reserved 1048576K
}
Event: 6.706 GC heap before
{Heap before GC invocations=10 (full 2):
 PSYoungGen      total 190976K, used 13287K [0x000000076ab00000, 0x000000077c500000, 0x00000007c0000000)
  eden space 177664K, 0% used [0x000000076ab00000,0x000000076ab00000,0x0000000775880000)
  from space 13312K, 99% used [0x000000077b800000,0x000000077c4f9c80,0x000000077c500000)
  to   space 15872K, 0% used [0x000000077a600000,0x000000077a600000,0x000000077b580000)
 ParOldGen       total 75776K, used 39489K [0x00000006c0000000, 0x00000006c4a00000, 0x000000076ab00000)
  object space 75776K, 52% used [0x00000006c0000000,0x00000006c2690400,0x00000006c4a00000)
 Metaspace       used 32812K, capacity 35280K, committed 35456K, reserved 1081344K
  class space    used 3677K, capacity 4385K, committed 4480K, reserved 1048576K
Event: 6.843 GC heap after
Heap after GC invocations=10 (full 2):
 PSYoungGen      total 190976K, used 0K [0x000000076ab00000, 0x000000077c500000, 0x00000007c0000000)
  eden space 177664K, 0% used [0x000000076ab00000,0x000000076ab00000,0x0000000775880000)
  from space 13312K, 0% used [0x000000077b800000,0x000000077b800000,0x000000077c500000)
  to   space 15872K, 0% used [0x000000077a600000,0x000000077a600000,0x000000077b580000)
 ParOldGen       total 88576K, used 32438K [0x00000006c0000000, 0x00000006c5680000, 0x000000076ab00000)
  object space 88576K, 36% used [0x00000006c0000000,0x00000006c1fad948,0x00000006c5680000)
 Metaspace       used 32812K, capacity 35280K, committed 35456K, reserved 1081344K
  class space    used 3677K, capacity 4385K, committed 4480K, reserved 1048576K
}
Event: 11.305 GC heap before
{Heap before GC invocations=11 (full 2):
 PSYoungGen      total 190976K, used 136304K [0x000000076ab00000, 0x000000077c500000, 0x00000007c0000000)
  eden space 177664K, 76% used [0x000000076ab00000,0x000000077301c1c0,0x0000000775880000)
  from space 13312K, 0% used [0x000000077b800000,0x000000077b800000,0x000000077c500000)
  to   space 15872K, 0% used [0x000000077a600000,0x000000077a600000,0x000000077b580000)
 ParOldGen       total 88576K, used 32438K [0x00000006c0000000, 0x00000006c5680000, 0x000000076ab00000)
  object space 88576K, 36% used [0x00000006c0000000,0x00000006c1fad948,0x00000006c5680000)
 Metaspace       used 54521K, capacity 58904K, committed 59096K, reserved 1099776K
  class space    used 6476K, capacity 7914K, committed 7936K, reserved 1048576K
Event: 11.339 GC heap after
Heap after GC invocations=11 (full 2):
 PSYoungGen      total 222720K, used 15850K [0x000000076ab00000, 0x000000077b880000, 0x00000007c0000000)
  eden space 206848K, 0% used [0x000000076ab00000,0x000000076ab00000,0x0000000777500000)
  from space 15872K, 99% used [0x000000077a600000,0x000000077b57aaf8,0x000000077b580000)
  to   space 3072K, 0% used [0x000000077b580000,0x000000077b580000,0x000000077b880000)
 ParOldGen       total 88576K, used 46351K [0x00000006c0000000, 0x00000006c5680000, 0x000000076ab00000)
  object space 88576K, 52% used [0x00000006c0000000,0x00000006c2d43e60,0x00000006c5680000)
 Metaspace       used 54521K, capacity 58904K, committed 59096K, reserved 1099776K
  class space    used 6476K, capacity 7914K, committed 7936K, reserved 1048576K
}
Event: 11.339 GC heap before
{Heap before GC invocations=12 (full 3):
 PSYoungGen      total 222720K, used 15850K [0x000000076ab00000, 0x000000077b880000, 0x00000007c0000000)
  eden space 206848K, 0% used [0x000000076ab00000,0x000000076ab00000,0x0000000777500000)
  from space 15872K, 99% used [0x000000077a600000,0x000000077b57aaf8,0x000000077b580000)
  to   space 3072K, 0% used [0x000000077b580000,0x000000077b580000,0x000000077b880000)
 ParOldGen       total 88576K, used 46351K [0x00000006c0000000, 0x00000006c5680000, 0x000000076ab00000)
  object space 88576K, 52% used [0x00000006c0000000,0x00000006c2d43e60,0x00000006c5680000)
 Metaspace       used 54521K, capacity 58904K, committed 59096K, reserved 1099776K
  class space    used 6476K, capacity 7914K, committed 7936K, reserved 1048576K
Event: 11.615 GC heap after
Heap after GC invocations=12 (full 3):
 PSYoungGen      total 222720K, used 0K [0x000000076ab00000, 0x000000077b880000, 0x00000007c0000000)
  eden space 206848K, 0% used [0x000000076ab00000,0x000000076ab00000,0x0000000777500000)
  from space 15872K, 0% used [0x000000077a600000,0x000000077a600000,0x000000077b580000)
  to   space 3072K, 0% used [0x000000077b580000,0x000000077b580000,0x000000077b880000)
 ParOldGen       total 131072K, used 51686K [0x00000006c0000000, 0x00000006c8000000, 0x000000076ab00000)
  object space 131072K, 39% used [0x00000006c0000000,0x00000006c3279818,0x00000006c8000000)
 Metaspace       used 54521K, capacity 58904K, committed 59096K, reserved 1099776K
  class space    used 6476K, capacity 7914K, committed 7936K, reserved 1048576K
}

