# JRE version: Java(TM) SE Runtime Environment (8.0_112-b15) (build 1.8.0_112-b15)
# Java VM: Java HotSpot(TM) 64-Bit Server VM (25.112-b15 mixed mode linux-amd64 compressed oops)
Heap:
 PSYoungGen      total 75264K, used 48645K [0x000000076ab00000, 0x0000000771c80000, 0x00000007c0000000)
  eden space 60416K, 58% used [0x000000076ab00000,0x000000076cd6dbf8,0x000000076e600000)
  from space 14848K, 90% used [0x000000076f680000,0x0000000770393bc8,0x0000000770500000)
  to   space 16896K, 0% used [0x000000076e600000,0x000000076e600000,0x000000076f680000)
 ParOldGen       total 82944K, used 24987K [0x00000006c0000000, 0x00000006c5100000, 0x000000076ab00000)
  object space 82944K, 30% used [0x00000006c0000000,0x00000006c1866da0,0x00000006c5100000)
 Metaspace       used 47228K, capacity 51086K, committed 51416K, reserved 1093632K
  class space    used 5651K, capacity 6842K, committed 6912K, reserved 1048576K
GC Heap History (10 events):
Event: 2.342 GC heap before
{Heap before GC invocations=4 (full 1):
 PSYoungGen      total 35328K, used 2535K [0x000000076ab00000, 0x000000076f000000, 0x00000007c0000000)
  eden space 32768K, 0% used [0x000000076ab00000,0x000000076ab00000,0x000000076cb00000)
  from space 2560K, 99% used [0x000000076cb00000,0x000000076cd79fc8,0x000000076cd80000)
  to   space 2560K, 0% used [0x000000076ed80000,0x000000076ed80000,0x000000076f000000)
 ParOldGen       total 44032K, used 15524K [0x00000006c0000000, 0x00000006c2b00000, 0x000000076ab00000)
  object space 44032K, 35% used [0x00000006c0000000,0x00000006c0f29218,0x00000006c2b00000)
 Metaspace       used 19517K, capacity 21196K, committed 21248K, reserved 1069056K
  class space    used 1993K, capacity 2560K, committed 2560K, reserved 1048576K
Event: 2.458 GC heap after
Heap after GC invocations=4 (full 1):
 PSYoungGen      total 35328K, used 0K [0x000000076ab00000, 0x000000076f000000, 0x00000007c0000000)
  eden space 32768K, 0% used [0x000000076ab00000,0x000000076ab00000,0x000000076cb00000)
  from space 2560K, 0% used [0x000000076cb00000,0x000000076cb00000,0x000000076cd80000)
  to   space 2560K, 0% used [0x000000076ed80000,0x000000076ed80000,0x000000076f000000)
 ParOldGen       total 53248K, used 15233K [0x00000006c0000000, 0x00000006c3400000, 0x000000076ab00000)
  object space 53248K, 28% used [0x00000006c0000000,0x00000006c0ee0778,0x00000006c3400000)
 Metaspace       used 19517K, capacity 21196K, committed 21248K, reserved 1069056K
  class space    used 1993K, capacity 2560K, committed 2560K, reserved 1048576K
}
Event: 3.857 GC heap before
{Heap before GC invocations=5 (full 1):
 PSYoungGen      total 35328K, used 32768K [0x000000076ab00000, 0x000000076f000000, 0x00000007c0000000)
  eden space 32768K, 100% used [0x000000076ab00000,0x000000076cb00000,0x000000076cb00000)
  from space 2560K, 0% used [0x000000076cb00000,0x000000076cb00000,0x000000076cd80000)
  to   space 2560K, 0% used [0x000000076ed80000,0x000000076ed80000,0x000000076f000000)
 ParOldGen       total 53248K, used 15233K [0x00000006c0000000, 0x00000006c3400000, 0x000000076ab00000)
  object space 53248K, 28% used [0x00000006c0000000,0x00000006c0ee0778,0x00000006c3400000)
 Metaspace       used 29496K, capacity 31822K, committed 32000K, reserved 1077248K
  class space    used 3351K, capacity 4048K, committed 4096K, reserved 1048576K
Event: 3.892 GC heap after
Heap after GC invocations=5 (full 1):
 PSYoungGen      total 46080K, used 2544K [0x000000076ab00000, 0x000000076f000000, 0x00000007c0000000)
  eden space 43520K, 0% used [0x000000076ab00000,0x000000076ab00000,0x000000076d580000)
  from space 2560K, 99% used [0x000000076ed80000,0x000000076effc010,0x000000076f000000)
  to   space 2560K, 0% used [0x000000076eb00000,0x000000076eb00000,0x000000076ed80000)
 ParOldGen       total 53248K, used 25242K [0x00000006c0000000, 0x00000006c3400000, 0x000000076ab00000)
  object space 53248K, 47% used [0x00000006c0000000,0x00000006c18a6a58,0x00000006c3400000)
 Metaspace       used 29496K, capacity 31822K, committed 32000K, reserved 1077248K
  class space    used 3351K, capacity 4048K, committed 4096K, reserved 1048576K
}
Event: 4.310 GC heap before
{Heap before GC invocations=6 (full 1):
 PSYoungGen      total 46080K, used 14679K [0x000000076ab00000, 0x000000076f000000, 0x00000007c0000000)
  eden space 43520K, 27% used [0x000000076ab00000,0x000000076b6d9d10,0x000000076d580000)
  from space 2560K, 99% used [0x000000076ed80000,0x000000076effc010,0x000000076f000000)
  to   space 2560K, 0% used [0x000000076eb00000,0x000000076eb00000,0x000000076ed80000)
 ParOldGen       total 53248K, used 25242K [0x00000006c0000000, 0x00000006c3400000, 0x000000076ab00000)
  object space 53248K, 47% used [0x00000006c0000000,0x00000006c18a6a58,0x00000006c3400000)
 Metaspace       used 32701K, capacity 35304K, committed 35416K, reserved 1081344K
  class space    used 3726K, capacity 4458K, committed 4480K, reserved 1048576K
Event: 4.343 GC heap after
Heap after GC invocations=6 (full 1):
 PSYoungGen      total 65024K, used 2528K [0x000000076ab00000, 0x0000000770500000, 0x00000007c0000000)
  eden space 62464K, 0% used [0x000000076ab00000,0x000000076ab00000,0x000000076e800000)
  from space 2560K, 98% used [0x000000076eb00000,0x000000076ed78010,0x000000076ed80000)
  to   space 14848K, 0% used [0x000000076f680000,0x000000076f680000,0x0000000770500000)
 ParOldGen       total 53248K, used 28791K [0x00000006c0000000, 0x00000006c3400000, 0x000000076ab00000)
  object space 53248K, 54% used [0x00000006c0000000,0x00000006c1c1df40,0x00000006c3400000)
 Metaspace       used 32701K, capacity 35304K, committed 35416K, reserved 1081344K
  class space    used 3726K, capacity 4458K, committed 4480K, reserved 1048576K
}
Event: 4.343 GC heap before
{Heap before GC invocations=7 (full 2):
 PSYoungGen      total 65024K, used 2528K [0x000000076ab00000, 0x0000000770500000, 0x00000007c0000000)
  eden space 62464K, 0% used [0x000000076ab00000,0x000000076ab00000,0x000000076e800000)
  from space 2560K, 98% used [0x000000076eb00000,0x000000076ed78010,0x000000076ed80000)
  to   space 14848K, 0% used [0x000000076f680000,0x000000076f680000,0x0000000770500000)
 ParOldGen       total 53248K, used 28791K [0x00000006c0000000, 0x00000006c3400000, 0x000000076ab00000)
  object space 53248K, 54% used [0x00000006c0000000,0x00000006c1c1df40,0x00000006c3400000)
 Metaspace       used 32701K, capacity 35304K, committed 35416K, reserved 1081344K
  class space    used 3726K, capacity 4458K, committed 4480K, reserved 1048576K
Event: 4.507 GC heap after
Heap after GC invocations=7 (full 2):
 PSYoungGen      total 65024K, used 0K [0x000000076ab00000, 0x0000000770500000, 0x00000007c0000000)
  eden space 62464K, 0% used [0x000000076ab00000,0x000000076ab00000,0x000000076e800000)
  from space 2560K, 0% used [0x000000076eb00000,0x000000076eb00000,0x000000076ed80000)
  to   space 14848K, 0% used [0x000000076f680000,0x000000076f680000,0x0000000770500000)
 ParOldGen       total 82944K, used 24979K [0x00000006c0000000, 0x00000006c5100000, 0x000000076ab00000)
  object space 82944K, 30% used [0x00000006c0000000,0x00000006c1864da0,0x00000006c5100000)
 Metaspace       used 32701K, capacity 35304K, committed 35416K, reserved 1081344K
  class space    used 3726K, capacity 4458K, committed 4480K, reserved 1048576K
}
Event: 7.065 GC heap before
{Heap before GC invocations=8 (full 2):
 PSYoungGen      total 65024K, used 62464K [0x000000076ab00000, 0x0000000770500000, 0x00000007c0000000)
  eden space 62464K, 100% used [0x000000076ab00000,0x000000076e800000,0x000000076e800000)
  from space 2560K, 0% used [0x000000076eb00000,0x000000076eb00000,0x000000076ed80000)
  to   space 14848K, 0% used [0x000000076f680000,0x000000076f680000,0x0000000770500000)
 ParOldGen       total 82944K, used 24979K [0x00000006c0000000, 0x00000006c5100000, 0x000000076ab00000)
  object space 82944K, 30% used [0x00000006c0000000,0x00000006c1864da0,0x00000006c5100000)
 Metaspace       used 40641K, capacity 44000K, committed 44376K, reserved 1087488K
  class space    used 4764K, capacity 5909K, committed 6016K, reserved 1048576K
Event: 7.096 GC heap after
Heap after GC invocations=8 (full 2):
 PSYoungGen      total 75264K, used 13390K [0x000000076ab00000, 0x0000000771c80000, 0x00000007c0000000)
  eden space 60416K, 0% used [0x000000076ab00000,0x000000076ab00000,0x000000076e600000)
  from space 14848K, 90% used [0x000000076f680000,0x0000000770393bc8,0x0000000770500000)
  to   space 16896K, 0% used [0x000000076e600000,0x000000076e600000,0x000000076f680000)
 ParOldGen       total 82944K, used 24987K [0x00000006c0000000, 0x00000006c5100000, 0x000000076ab00000)
  object space 82944K, 30% used [0x00000006c0000000,0x00000006c1866da0,0x00000006c5100000)
 Metaspace       used 40641K, capacity 44000K, committed 44376K, reserved 1087488K
  class space    used 4764K, capacity 5909K, committed 6016K, reserved 1048576K
}

