# JRE version: Java(TM) SE Runtime Environment (8.0_112-b15) (build 1.8.0_112-b15)
# Java VM: Java HotSpot(TM) 64-Bit Server VM (25.112-b15 mixed mode linux-amd64 compressed oops)
Heap:
 PSYoungGen      total 227328K, used 105794K [0x000000076ab00000, 0x000000077bd00000, 0x00000007c0000000)
  eden space 217088K, 48% used [0x000000076ab00000,0x0000000771250be8,0x0000000777f00000)
  from space 10240K, 0% used [0x000000077b300000,0x000000077b300000,0x000000077bd00000)
  to   space 13824K, 0% used [0x000000077a200000,0x000000077a200000,0x000000077af80000)
 ParOldGen       total 66560K, used 25093K [0x00000006c0000000, 0x00000006c4100000, 0x000000076ab00000)
  object space 66560K, 37% used [0x00000006c0000000,0x00000006c1881628,0x00000006c4100000)
 Metaspace       used 47499K, capacity 51442K, committed 51800K, reserved 1093632K
  class space    used 5664K, capacity 6937K, committed 7040K, reserved 1048576K
GC Heap History (10 events):
Event: 3.433 GC heap before
{Heap before GC invocations=6 (full 0):
 PSYoungGen      total 68096K, used 68071K [0x000000076ab00000, 0x0000000773d00000, 0x00000007c0000000)
  eden space 65536K, 100% used [0x000000076ab00000,0x000000076eb00000,0x000000076eb00000)
  from space 2560K, 99% used [0x000000076eb00000,0x000000076ed79fc8,0x000000076ed80000)
  to   space 9216K, 0% used [0x0000000773400000,0x0000000773400000,0x0000000773d00000)
 ParOldGen       total 44032K, used 18847K [0x00000006c0000000, 0x00000006c2b00000, 0x000000076ab00000)
  object space 44032K, 42% used [0x00000006c0000000,0x00000006c1267d08,0x00000006c2b00000)
 Metaspace       used 15105K, capacity 16392K, committed 16640K, reserved 1064960K
  class space    used 1566K, capacity 1937K, committed 2048K, reserved 1048576K
Event: 3.457 GC heap after
Heap after GC invocations=6 (full 0):
 PSYoungGen      total 139264K, used 9161K [0x000000076ab00000, 0x0000000773f00000, 0x00000007c0000000)
  eden space 130048K, 0% used [0x000000076ab00000,0x000000076ab00000,0x0000000772a00000)
  from space 9216K, 99% used [0x0000000773400000,0x0000000773cf24d0,0x0000000773d00000)
  to   space 10240K, 0% used [0x0000000772a00000,0x0000000772a00000,0x0000000773400000)
 ParOldGen       total 44032K, used 18855K [0x00000006c0000000, 0x00000006c2b00000, 0x000000076ab00000)
  object space 44032K, 42% used [0x00000006c0000000,0x00000006c1269d08,0x00000006c2b00000)
 Metaspace       used 15105K, capacity 16392K, committed 16640K, reserved 1064960K
  class space    used 1566K, capacity 1937K, committed 2048K, reserved 1048576K
}
Event: 4.027 GC heap before
{Heap before GC invocations=7 (full 0):
 PSYoungGen      total 139264K, used 19439K [0x000000076ab00000, 0x0000000773f00000, 0x00000007c0000000)
  eden space 130048K, 7% used [0x000000076ab00000,0x000000076b5097c8,0x0000000772a00000)
  from space 9216K, 99% used [0x0000000773400000,0x0000000773cf24d0,0x0000000773d00000)
  to   space 10240K, 0% used [0x0000000772a00000,0x0000000772a00000,0x0000000773400000)
 ParOldGen       total 44032K, used 18855K [0x00000006c0000000, 0x00000006c2b00000, 0x000000076ab00000)
  object space 44032K, 42% used [0x00000006c0000000,0x00000006c1269d08,0x00000006c2b00000)
 Metaspace       used 19444K, capacity 21056K, committed 21248K, reserved 1069056K
  class space    used 1957K, capacity 2455K, committed 2560K, reserved 1048576K
Event: 4.056 GC heap after
Heap after GC invocations=7 (full 0):
 PSYoungGen      total 140288K, used 5418K [0x000000076ab00000, 0x000000077bd00000, 0x00000007c0000000)
  eden space 130048K, 0% used [0x000000076ab00000,0x000000076ab00000,0x0000000772a00000)
  from space 10240K, 52% used [0x0000000772a00000,0x0000000772f4aad0,0x0000000773400000)
  to   space 10240K, 0% used [0x000000077b300000,0x000000077b300000,0x000000077bd00000)
 ParOldGen       total 44032K, used 20496K [0x00000006c0000000, 0x00000006c2b00000, 0x000000076ab00000)
  object space 44032K, 46% used [0x00000006c0000000,0x00000006c1404170,0x00000006c2b00000)
 Metaspace       used 19444K, capacity 21056K, committed 21248K, reserved 1069056K
  class space    used 1957K, capacity 2455K, committed 2560K, reserved 1048576K
}
Event: 4.056 GC heap before
{Heap before GC invocations=8 (full 1):
 PSYoungGen      total 140288K, used 5418K [0x000000076ab00000, 0x000000077bd00000, 0x00000007c0000000)
  eden space 130048K, 0% used [0x000000076ab00000,0x000000076ab00000,0x0000000772a00000)
  from space 10240K, 52% used [0x0000000772a00000,0x0000000772f4aad0,0x0000000773400000)
  to   space 10240K, 0% used [0x000000077b300000,0x000000077b300000,0x000000077bd00000)
 ParOldGen       total 44032K, used 20496K [0x00000006c0000000, 0x00000006c2b00000, 0x000000076ab00000)
  object space 44032K, 46% used [0x00000006c0000000,0x00000006c1404170,0x00000006c2b00000)
 Metaspace       used 19444K, capacity 21056K, committed 21248K, reserved 1069056K
  class space    used 1957K, capacity 2455K, committed 2560K, reserved 1048576K
Event: 4.116 GC heap after
Heap after GC invocations=8 (full 1):
 PSYoungGen      total 140288K, used 0K [0x000000076ab00000, 0x000000077bd00000, 0x00000007c0000000)
  eden space 130048K, 0% used [0x000000076ab00000,0x000000076ab00000,0x0000000772a00000)
  from space 10240K, 0% used [0x0000000772a00000,0x0000000772a00000,0x0000000773400000)
  to   space 10240K, 0% used [0x000000077b300000,0x000000077b300000,0x000000077bd00000)
 ParOldGen       total 44032K, used 13547K [0x00000006c0000000, 0x00000006c2b00000, 0x000000076ab00000)
  object space 44032K, 30% used [0x00000006c0000000,0x00000006c0d3aca0,0x00000006c2b00000)
 Metaspace       used 19444K, capacity 21056K, committed 21248K, reserved 1069056K
  class space    used 1957K, capacity 2455K, committed 2560K, reserved 1048576K
}
Event: 6.291 GC heap before
{Heap before GC invocations=9 (full 1):
 PSYoungGen      total 140288K, used 49336K [0x000000076ab00000, 0x000000077bd00000, 0x00000007c0000000)
  eden space 130048K, 37% used [0x000000076ab00000,0x000000076db2e3e0,0x0000000772a00000)
  from space 10240K, 0% used [0x0000000772a00000,0x0000000772a00000,0x0000000773400000)
  to   space 10240K, 0% used [0x000000077b300000,0x000000077b300000,0x000000077bd00000)
 ParOldGen       total 44032K, used 13547K [0x00000006c0000000, 0x00000006c2b00000, 0x000000076ab00000)
  object space 44032K, 30% used [0x00000006c0000000,0x00000006c0d3aca0,0x00000006c2b00000)
 Metaspace       used 32784K, capacity 35352K, committed 35416K, reserved 1081344K
  class space    used 3709K, capacity 4453K, committed 4480K, reserved 1048576K
Event: 6.330 GC heap after
Heap after GC invocations=9 (full 1):
 PSYoungGen      total 227328K, used 10238K [0x000000076ab00000, 0x000000077bd00000, 0x00000007c0000000)
  eden space 217088K, 0% used [0x000000076ab00000,0x000000076ab00000,0x0000000777f00000)
  from space 10240K, 99% used [0x000000077b300000,0x000000077bcffb30,0x000000077bd00000)
  to   space 13824K, 0% used [0x000000077a200000,0x000000077a200000,0x000000077af80000)
 ParOldGen       total 44032K, used 19568K [0x00000006c0000000, 0x00000006c2b00000, 0x000000076ab00000)
  object space 44032K, 44% used [0x00000006c0000000,0x00000006c131c320,0x00000006c2b00000)
 Metaspace       used 32784K, capacity 35352K, committed 35416K, reserved 1081344K
  class space    used 3709K, capacity 4453K, committed 4480K, reserved 1048576K
}
Event: 6.330 GC heap before
{Heap before GC invocations=10 (full 2):
 PSYoungGen      total 227328K, used 10238K [0x000000076ab00000, 0x000000077bd00000, 0x00000007c0000000)
  eden space 217088K, 0% used [0x000000076ab00000,0x000000076ab00000,0x0000000777f00000)
  from space 10240K, 99% used [0x000000077b300000,0x000000077bcffb30,0x000000077bd00000)
  to   space 13824K, 0% used [0x000000077a200000,0x000000077a200000,0x000000077af80000)
 ParOldGen       total 44032K, used 19568K [0x00000006c0000000, 0x00000006c2b00000, 0x000000076ab00000)
  object space 44032K, 44% used [0x00000006c0000000,0x00000006c131c320,0x00000006c2b00000)
 Metaspace       used 32784K, capacity 35352K, committed 35416K, reserved 1081344K
  class space    used 3709K, capacity 4453K, committed 4480K, reserved 1048576K
Event: 6.477 GC heap after
Heap after GC invocations=10 (full 2):
 PSYoungGen      total 227328K, used 0K [0x000000076ab00000, 0x000000077bd00000, 0x00000007c0000000)
  eden space 217088K, 0% used [0x000000076ab00000,0x000000076ab00000,0x0000000777f00000)
  from space 10240K, 0% used [0x000000077b300000,0x000000077b300000,0x000000077bd00000)
  to   space 13824K, 0% used [0x000000077a200000,0x000000077a200000,0x000000077af80000)
 ParOldGen       total 66560K, used 25093K [0x00000006c0000000, 0x00000006c4100000, 0x000000076ab00000)
  object space 66560K, 37% used [0x00000006c0000000,0x00000006c1881628,0x00000006c4100000)
 Metaspace       used 32784K, capacity 35352K, committed 35416K, reserved 1081344K
  class space    used 3709K, capacity 4453K, committed 4480K, reserved 1048576K
}

